Tue, 28 Aug 2018 10:34:45 +0200 [WARNING] request="307586d356bee" component="TYPO3.CMS.Core.Utility.ExtensionManagementUtility": TYPO3\CMS\Core\Category\CategoryRegistry: no category registered for table "pages". Key was already registered. 
Tue, 28 Aug 2018 10:34:45 +0200 [WARNING] request="307586d356bee" component="TYPO3.CMS.Core.Utility.ExtensionManagementUtility": TYPO3\CMS\Core\Category\CategoryRegistry: no category registered for table "sys_file_metadata". Key was already registered. 
Tue, 28 Aug 2018 10:34:45 +0200 [WARNING] request="307586d356bee" component="TYPO3.CMS.Core.Utility.ExtensionManagementUtility": TYPO3\CMS\Core\Category\CategoryRegistry: no category registered for table "tt_content". Key was already registered. 
Tue, 28 Aug 2018 10:34:51 +0200 [WARNING] request="2a9a0be8de5e6" component="TYPO3.CMS.Core.Utility.ExtensionManagementUtility": TYPO3\CMS\Core\Category\CategoryRegistry: no category registered for table "pages". Key was already registered. 
Tue, 28 Aug 2018 10:34:51 +0200 [WARNING] request="2a9a0be8de5e6" component="TYPO3.CMS.Core.Utility.ExtensionManagementUtility": TYPO3\CMS\Core\Category\CategoryRegistry: no category registered for table "sys_file_metadata". Key was already registered. 
Tue, 28 Aug 2018 10:34:51 +0200 [WARNING] request="2a9a0be8de5e6" component="TYPO3.CMS.Core.Utility.ExtensionManagementUtility": TYPO3\CMS\Core\Category\CategoryRegistry: no category registered for table "tt_content". Key was already registered. 
Wed, 07 Nov 2018 14:26:05 +0100 [WARNING] request="4bcc8ad53f862" component="TYPO3.CMS.Core.Utility.ExtensionManagementUtility": TYPO3\CMS\Core\Category\CategoryRegistry: no category registered for table "pages". Key was already registered. 
Wed, 07 Nov 2018 14:26:05 +0100 [WARNING] request="4bcc8ad53f862" component="TYPO3.CMS.Core.Utility.ExtensionManagementUtility": TYPO3\CMS\Core\Category\CategoryRegistry: no category registered for table "sys_file_metadata". Key was already registered. 
Wed, 07 Nov 2018 14:26:05 +0100 [WARNING] request="4bcc8ad53f862" component="TYPO3.CMS.Core.Utility.ExtensionManagementUtility": TYPO3\CMS\Core\Category\CategoryRegistry: no category registered for table "tt_content". Key was already registered. 
Wed, 07 Nov 2018 14:26:13 +0100 [WARNING] request="e023fabce33c7" component="TYPO3.CMS.Core.Utility.ExtensionManagementUtility": TYPO3\CMS\Core\Category\CategoryRegistry: no category registered for table "pages". Key was already registered. 
Wed, 07 Nov 2018 14:26:13 +0100 [WARNING] request="e023fabce33c7" component="TYPO3.CMS.Core.Utility.ExtensionManagementUtility": TYPO3\CMS\Core\Category\CategoryRegistry: no category registered for table "sys_file_metadata". Key was already registered. 
Wed, 07 Nov 2018 14:26:13 +0100 [WARNING] request="e023fabce33c7" component="TYPO3.CMS.Core.Utility.ExtensionManagementUtility": TYPO3\CMS\Core\Category\CategoryRegistry: no category registered for table "tt_content". Key was already registered. 
Fri, 14 Dec 2018 14:21:39 +0100 [WARNING] request="618c0e861fad7" component="TYPO3.CMS.Core.Utility.ExtensionManagementUtility": TYPO3\CMS\Core\Category\CategoryRegistry: no category registered for table "pages". Key was already registered. 
Fri, 14 Dec 2018 14:21:39 +0100 [WARNING] request="618c0e861fad7" component="TYPO3.CMS.Core.Utility.ExtensionManagementUtility": TYPO3\CMS\Core\Category\CategoryRegistry: no category registered for table "sys_file_metadata". Key was already registered. 
Fri, 14 Dec 2018 14:21:39 +0100 [WARNING] request="618c0e861fad7" component="TYPO3.CMS.Core.Utility.ExtensionManagementUtility": TYPO3\CMS\Core\Category\CategoryRegistry: no category registered for table "tt_content". Key was already registered. 
Fri, 14 Dec 2018 14:21:44 +0100 [WARNING] request="9fdd6d249fe08" component="TYPO3.CMS.Core.Utility.ExtensionManagementUtility": TYPO3\CMS\Core\Category\CategoryRegistry: no category registered for table "pages". Key was already registered. 
Fri, 14 Dec 2018 14:21:44 +0100 [WARNING] request="9fdd6d249fe08" component="TYPO3.CMS.Core.Utility.ExtensionManagementUtility": TYPO3\CMS\Core\Category\CategoryRegistry: no category registered for table "sys_file_metadata". Key was already registered. 
Fri, 14 Dec 2018 14:21:44 +0100 [WARNING] request="9fdd6d249fe08" component="TYPO3.CMS.Core.Utility.ExtensionManagementUtility": TYPO3\CMS\Core\Category\CategoryRegistry: no category registered for table "tt_content". Key was already registered. 
Tue, 22 Jan 2019 15:17:20 +0100 [WARNING] request="eb9197c2348db" component="TYPO3.CMS.Core.Utility.ExtensionManagementUtility": TYPO3\CMS\Core\Category\CategoryRegistry: no category registered for table "pages". Key was already registered. 
Tue, 22 Jan 2019 15:17:20 +0100 [WARNING] request="eb9197c2348db" component="TYPO3.CMS.Core.Utility.ExtensionManagementUtility": TYPO3\CMS\Core\Category\CategoryRegistry: no category registered for table "sys_file_metadata". Key was already registered. 
Tue, 22 Jan 2019 15:17:20 +0100 [WARNING] request="eb9197c2348db" component="TYPO3.CMS.Core.Utility.ExtensionManagementUtility": TYPO3\CMS\Core\Category\CategoryRegistry: no category registered for table "tt_content". Key was already registered. 
Tue, 22 Jan 2019 15:17:26 +0100 [WARNING] request="a6b4d86b32067" component="TYPO3.CMS.Core.Utility.ExtensionManagementUtility": TYPO3\CMS\Core\Category\CategoryRegistry: no category registered for table "pages". Key was already registered. 
Tue, 22 Jan 2019 15:17:26 +0100 [WARNING] request="a6b4d86b32067" component="TYPO3.CMS.Core.Utility.ExtensionManagementUtility": TYPO3\CMS\Core\Category\CategoryRegistry: no category registered for table "sys_file_metadata". Key was already registered. 
Tue, 22 Jan 2019 15:17:26 +0100 [WARNING] request="a6b4d86b32067" component="TYPO3.CMS.Core.Utility.ExtensionManagementUtility": TYPO3\CMS\Core\Category\CategoryRegistry: no category registered for table "tt_content". Key was already registered. 
Tue, 29 Jan 2019 09:46:17 +0100 [WARNING] request="7f6657f807981" component="TYPO3.CMS.Core.Utility.ExtensionManagementUtility": TYPO3\CMS\Core\Category\CategoryRegistry: no category registered for table "pages". Key was already registered. 
Tue, 29 Jan 2019 09:46:17 +0100 [WARNING] request="7f6657f807981" component="TYPO3.CMS.Core.Utility.ExtensionManagementUtility": TYPO3\CMS\Core\Category\CategoryRegistry: no category registered for table "sys_file_metadata". Key was already registered. 
Tue, 29 Jan 2019 09:46:17 +0100 [WARNING] request="7f6657f807981" component="TYPO3.CMS.Core.Utility.ExtensionManagementUtility": TYPO3\CMS\Core\Category\CategoryRegistry: no category registered for table "tt_content". Key was already registered. 
Tue, 29 Jan 2019 09:46:29 +0100 [WARNING] request="129d271abfa62" component="TYPO3.CMS.Core.Utility.ExtensionManagementUtility": TYPO3\CMS\Core\Category\CategoryRegistry: no category registered for table "pages". Key was already registered. 
Tue, 29 Jan 2019 09:46:29 +0100 [WARNING] request="129d271abfa62" component="TYPO3.CMS.Core.Utility.ExtensionManagementUtility": TYPO3\CMS\Core\Category\CategoryRegistry: no category registered for table "sys_file_metadata". Key was already registered. 
Tue, 29 Jan 2019 09:46:29 +0100 [WARNING] request="129d271abfa62" component="TYPO3.CMS.Core.Utility.ExtensionManagementUtility": TYPO3\CMS\Core\Category\CategoryRegistry: no category registered for table "tt_content". Key was already registered. 
Wed, 08 May 2019 17:46:17 +0200 [WARNING] request="64fde25600d23" component="TYPO3.CMS.Core.Utility.ExtensionManagementUtility": TYPO3\CMS\Core\Category\CategoryRegistry: no category registered for table "pages". Key was already registered. 
Wed, 08 May 2019 17:46:17 +0200 [WARNING] request="64fde25600d23" component="TYPO3.CMS.Core.Utility.ExtensionManagementUtility": TYPO3\CMS\Core\Category\CategoryRegistry: no category registered for table "sys_file_metadata". Key was already registered. 
Wed, 08 May 2019 17:46:17 +0200 [WARNING] request="64fde25600d23" component="TYPO3.CMS.Core.Utility.ExtensionManagementUtility": TYPO3\CMS\Core\Category\CategoryRegistry: no category registered for table "tt_content". Key was already registered. 
Wed, 08 May 2019 17:46:22 +0200 [WARNING] request="a0279cd1ca5ff" component="TYPO3.CMS.Core.Utility.ExtensionManagementUtility": TYPO3\CMS\Core\Category\CategoryRegistry: no category registered for table "pages". Key was already registered. 
Wed, 08 May 2019 17:46:22 +0200 [WARNING] request="a0279cd1ca5ff" component="TYPO3.CMS.Core.Utility.ExtensionManagementUtility": TYPO3\CMS\Core\Category\CategoryRegistry: no category registered for table "sys_file_metadata". Key was already registered. 
Wed, 08 May 2019 17:46:22 +0200 [WARNING] request="a0279cd1ca5ff" component="TYPO3.CMS.Core.Utility.ExtensionManagementUtility": TYPO3\CMS\Core\Category\CategoryRegistry: no category registered for table "tt_content". Key was already registered. 
Wed, 08 May 2019 18:07:11 +0200 [WARNING] request="5051e2244fbb4" component="TYPO3.CMS.Core.Utility.ExtensionManagementUtility": TYPO3\CMS\Core\Category\CategoryRegistry: no category registered for table "pages". Key was already registered. 
Wed, 08 May 2019 18:07:11 +0200 [WARNING] request="5051e2244fbb4" component="TYPO3.CMS.Core.Utility.ExtensionManagementUtility": TYPO3\CMS\Core\Category\CategoryRegistry: no category registered for table "sys_file_metadata". Key was already registered. 
Wed, 08 May 2019 18:07:11 +0200 [WARNING] request="5051e2244fbb4" component="TYPO3.CMS.Core.Utility.ExtensionManagementUtility": TYPO3\CMS\Core\Category\CategoryRegistry: no category registered for table "tt_content". Key was already registered. 
Wed, 08 May 2019 18:07:17 +0200 [WARNING] request="d64ccbdfaf517" component="TYPO3.CMS.Core.Utility.ExtensionManagementUtility": TYPO3\CMS\Core\Category\CategoryRegistry: no category registered for table "pages". Key was already registered. 
Wed, 08 May 2019 18:07:17 +0200 [WARNING] request="d64ccbdfaf517" component="TYPO3.CMS.Core.Utility.ExtensionManagementUtility": TYPO3\CMS\Core\Category\CategoryRegistry: no category registered for table "sys_file_metadata". Key was already registered. 
Wed, 08 May 2019 18:07:17 +0200 [WARNING] request="d64ccbdfaf517" component="TYPO3.CMS.Core.Utility.ExtensionManagementUtility": TYPO3\CMS\Core\Category\CategoryRegistry: no category registered for table "tt_content". Key was already registered. 
Thu, 09 May 2019 09:34:25 +0200 [WARNING] request="badf001e2e2f3" component="TYPO3.CMS.Core.Utility.ExtensionManagementUtility": TYPO3\CMS\Core\Category\CategoryRegistry: no category registered for table "pages". Key was already registered. 
Thu, 09 May 2019 09:34:25 +0200 [WARNING] request="badf001e2e2f3" component="TYPO3.CMS.Core.Utility.ExtensionManagementUtility": TYPO3\CMS\Core\Category\CategoryRegistry: no category registered for table "sys_file_metadata". Key was already registered. 
Thu, 09 May 2019 09:34:25 +0200 [WARNING] request="badf001e2e2f3" component="TYPO3.CMS.Core.Utility.ExtensionManagementUtility": TYPO3\CMS\Core\Category\CategoryRegistry: no category registered for table "tt_content". Key was already registered. 
Thu, 09 May 2019 09:34:32 +0200 [WARNING] request="22241956239c0" component="TYPO3.CMS.Core.Utility.ExtensionManagementUtility": TYPO3\CMS\Core\Category\CategoryRegistry: no category registered for table "pages". Key was already registered. 
Thu, 09 May 2019 09:34:32 +0200 [WARNING] request="22241956239c0" component="TYPO3.CMS.Core.Utility.ExtensionManagementUtility": TYPO3\CMS\Core\Category\CategoryRegistry: no category registered for table "sys_file_metadata". Key was already registered. 
Thu, 09 May 2019 09:34:32 +0200 [WARNING] request="22241956239c0" component="TYPO3.CMS.Core.Utility.ExtensionManagementUtility": TYPO3\CMS\Core\Category\CategoryRegistry: no category registered for table "tt_content". Key was already registered. 
Thu, 09 May 2019 11:08:52 +0200 [WARNING] request="65b31104ed6df" component="TYPO3.CMS.Core.Utility.ExtensionManagementUtility": TYPO3\CMS\Core\Category\CategoryRegistry: no category registered for table "pages". Key was already registered. 
Thu, 09 May 2019 11:08:52 +0200 [WARNING] request="65b31104ed6df" component="TYPO3.CMS.Core.Utility.ExtensionManagementUtility": TYPO3\CMS\Core\Category\CategoryRegistry: no category registered for table "sys_file_metadata". Key was already registered. 
Thu, 09 May 2019 11:08:52 +0200 [WARNING] request="65b31104ed6df" component="TYPO3.CMS.Core.Utility.ExtensionManagementUtility": TYPO3\CMS\Core\Category\CategoryRegistry: no category registered for table "tt_content". Key was already registered. 
Thu, 09 May 2019 11:08:57 +0200 [WARNING] request="ba98c00a67988" component="TYPO3.CMS.Core.Utility.ExtensionManagementUtility": TYPO3\CMS\Core\Category\CategoryRegistry: no category registered for table "pages". Key was already registered. 
Thu, 09 May 2019 11:08:57 +0200 [WARNING] request="ba98c00a67988" component="TYPO3.CMS.Core.Utility.ExtensionManagementUtility": TYPO3\CMS\Core\Category\CategoryRegistry: no category registered for table "sys_file_metadata". Key was already registered. 
Thu, 09 May 2019 11:08:57 +0200 [WARNING] request="ba98c00a67988" component="TYPO3.CMS.Core.Utility.ExtensionManagementUtility": TYPO3\CMS\Core\Category\CategoryRegistry: no category registered for table "tt_content". Key was already registered. 
Thu, 09 May 2019 11:09:40 +0200 [WARNING] request="5e0f16f5df66a" component="TYPO3.CMS.Core.Utility.ExtensionManagementUtility": TYPO3\CMS\Core\Category\CategoryRegistry: no category registered for table "pages". Key was already registered. 
Thu, 09 May 2019 11:09:40 +0200 [WARNING] request="5e0f16f5df66a" component="TYPO3.CMS.Core.Utility.ExtensionManagementUtility": TYPO3\CMS\Core\Category\CategoryRegistry: no category registered for table "sys_file_metadata". Key was already registered. 
Thu, 09 May 2019 11:09:40 +0200 [WARNING] request="5e0f16f5df66a" component="TYPO3.CMS.Core.Utility.ExtensionManagementUtility": TYPO3\CMS\Core\Category\CategoryRegistry: no category registered for table "tt_content". Key was already registered. 
Thu, 09 May 2019 11:09:45 +0200 [WARNING] request="c0653f731b7c5" component="TYPO3.CMS.Core.Utility.ExtensionManagementUtility": TYPO3\CMS\Core\Category\CategoryRegistry: no category registered for table "pages". Key was already registered. 
Thu, 09 May 2019 11:09:45 +0200 [WARNING] request="c0653f731b7c5" component="TYPO3.CMS.Core.Utility.ExtensionManagementUtility": TYPO3\CMS\Core\Category\CategoryRegistry: no category registered for table "sys_file_metadata". Key was already registered. 
Thu, 09 May 2019 11:09:45 +0200 [WARNING] request="c0653f731b7c5" component="TYPO3.CMS.Core.Utility.ExtensionManagementUtility": TYPO3\CMS\Core\Category\CategoryRegistry: no category registered for table "tt_content". Key was already registered. 
Wed, 15 May 2019 17:28:34 +0200 [WARNING] request="a16c488d402c1" component="TYPO3.CMS.Core.Utility.ExtensionManagementUtility": TYPO3\CMS\Core\Category\CategoryRegistry: no category registered for table "pages". Key was already registered. 
Wed, 15 May 2019 17:28:34 +0200 [WARNING] request="a16c488d402c1" component="TYPO3.CMS.Core.Utility.ExtensionManagementUtility": TYPO3\CMS\Core\Category\CategoryRegistry: no category registered for table "sys_file_metadata". Key was already registered. 
Wed, 15 May 2019 17:28:34 +0200 [WARNING] request="a16c488d402c1" component="TYPO3.CMS.Core.Utility.ExtensionManagementUtility": TYPO3\CMS\Core\Category\CategoryRegistry: no category registered for table "tt_content". Key was already registered. 
Wed, 15 May 2019 17:28:38 +0200 [WARNING] request="13d92750d5b48" component="TYPO3.CMS.Core.Utility.ExtensionManagementUtility": TYPO3\CMS\Core\Category\CategoryRegistry: no category registered for table "pages". Key was already registered. 
Wed, 15 May 2019 17:28:38 +0200 [WARNING] request="13d92750d5b48" component="TYPO3.CMS.Core.Utility.ExtensionManagementUtility": TYPO3\CMS\Core\Category\CategoryRegistry: no category registered for table "sys_file_metadata". Key was already registered. 
Wed, 15 May 2019 17:28:38 +0200 [WARNING] request="13d92750d5b48" component="TYPO3.CMS.Core.Utility.ExtensionManagementUtility": TYPO3\CMS\Core\Category\CategoryRegistry: no category registered for table "tt_content". Key was already registered. 
Wed, 26 Jun 2019 08:00:15 +0200 [WARNING] request="d83d3f2a87c34" component="TYPO3.CMS.Core.Utility.ExtensionManagementUtility": TYPO3\CMS\Core\Category\CategoryRegistry: no category registered for table "pages". Key was already registered. 
Wed, 26 Jun 2019 08:00:15 +0200 [WARNING] request="d83d3f2a87c34" component="TYPO3.CMS.Core.Utility.ExtensionManagementUtility": TYPO3\CMS\Core\Category\CategoryRegistry: no category registered for table "sys_file_metadata". Key was already registered. 
Wed, 26 Jun 2019 08:00:15 +0200 [WARNING] request="d83d3f2a87c34" component="TYPO3.CMS.Core.Utility.ExtensionManagementUtility": TYPO3\CMS\Core\Category\CategoryRegistry: no category registered for table "tt_content". Key was already registered. 
Wed, 26 Jun 2019 08:00:19 +0200 [WARNING] request="04009193901ae" component="TYPO3.CMS.Core.Utility.ExtensionManagementUtility": TYPO3\CMS\Core\Category\CategoryRegistry: no category registered for table "pages". Key was already registered. 
Wed, 26 Jun 2019 08:00:19 +0200 [WARNING] request="04009193901ae" component="TYPO3.CMS.Core.Utility.ExtensionManagementUtility": TYPO3\CMS\Core\Category\CategoryRegistry: no category registered for table "sys_file_metadata". Key was already registered. 
Wed, 26 Jun 2019 08:00:19 +0200 [WARNING] request="04009193901ae" component="TYPO3.CMS.Core.Utility.ExtensionManagementUtility": TYPO3\CMS\Core\Category\CategoryRegistry: no category registered for table "tt_content". Key was already registered. 
Wed, 26 Jun 2019 08:29:29 +0200 [WARNING] request="4948dbbd928ff" component="TYPO3.CMS.Core.Utility.ExtensionManagementUtility": TYPO3\CMS\Core\Category\CategoryRegistry: no category registered for table "pages". Key was already registered. 
Wed, 26 Jun 2019 08:29:29 +0200 [WARNING] request="4948dbbd928ff" component="TYPO3.CMS.Core.Utility.ExtensionManagementUtility": TYPO3\CMS\Core\Category\CategoryRegistry: no category registered for table "sys_file_metadata". Key was already registered. 
Wed, 26 Jun 2019 08:29:29 +0200 [WARNING] request="4948dbbd928ff" component="TYPO3.CMS.Core.Utility.ExtensionManagementUtility": TYPO3\CMS\Core\Category\CategoryRegistry: no category registered for table "tt_content". Key was already registered. 
Wed, 26 Jun 2019 08:29:34 +0200 [WARNING] request="ce2912351e0ec" component="TYPO3.CMS.Core.Utility.ExtensionManagementUtility": TYPO3\CMS\Core\Category\CategoryRegistry: no category registered for table "pages". Key was already registered. 
Wed, 26 Jun 2019 08:29:34 +0200 [WARNING] request="ce2912351e0ec" component="TYPO3.CMS.Core.Utility.ExtensionManagementUtility": TYPO3\CMS\Core\Category\CategoryRegistry: no category registered for table "sys_file_metadata". Key was already registered. 
Wed, 26 Jun 2019 08:29:34 +0200 [WARNING] request="ce2912351e0ec" component="TYPO3.CMS.Core.Utility.ExtensionManagementUtility": TYPO3\CMS\Core\Category\CategoryRegistry: no category registered for table "tt_content". Key was already registered. 
Tue, 05 Nov 2019 06:59:48 +0100 [WARNING] request="01bb709d21167" component="TYPO3.CMS.Core.Utility.ExtensionManagementUtility": TYPO3\CMS\Core\Category\CategoryRegistry: no category registered for table "pages". Key was already registered. 
Tue, 05 Nov 2019 06:59:48 +0100 [WARNING] request="01bb709d21167" component="TYPO3.CMS.Core.Utility.ExtensionManagementUtility": TYPO3\CMS\Core\Category\CategoryRegistry: no category registered for table "sys_file_metadata". Key was already registered. 
Tue, 05 Nov 2019 06:59:48 +0100 [WARNING] request="01bb709d21167" component="TYPO3.CMS.Core.Utility.ExtensionManagementUtility": TYPO3\CMS\Core\Category\CategoryRegistry: no category registered for table "tt_content". Key was already registered. 
Tue, 05 Nov 2019 06:59:54 +0100 [WARNING] request="3d989709889b5" component="TYPO3.CMS.Core.Utility.ExtensionManagementUtility": TYPO3\CMS\Core\Category\CategoryRegistry: no category registered for table "pages". Key was already registered. 
Tue, 05 Nov 2019 06:59:54 +0100 [WARNING] request="3d989709889b5" component="TYPO3.CMS.Core.Utility.ExtensionManagementUtility": TYPO3\CMS\Core\Category\CategoryRegistry: no category registered for table "sys_file_metadata". Key was already registered. 
Tue, 05 Nov 2019 06:59:54 +0100 [WARNING] request="3d989709889b5" component="TYPO3.CMS.Core.Utility.ExtensionManagementUtility": TYPO3\CMS\Core\Category\CategoryRegistry: no category registered for table "tt_content". Key was already registered. 
Tue, 05 Nov 2019 07:32:56 +0100 [WARNING] request="ed0c2041db36c" component="TYPO3.CMS.Core.Utility.ExtensionManagementUtility": TYPO3\CMS\Core\Category\CategoryRegistry: no category registered for table "pages". Key was already registered. 
Tue, 05 Nov 2019 07:32:56 +0100 [WARNING] request="ed0c2041db36c" component="TYPO3.CMS.Core.Utility.ExtensionManagementUtility": TYPO3\CMS\Core\Category\CategoryRegistry: no category registered for table "sys_file_metadata". Key was already registered. 
Tue, 05 Nov 2019 07:32:56 +0100 [WARNING] request="ed0c2041db36c" component="TYPO3.CMS.Core.Utility.ExtensionManagementUtility": TYPO3\CMS\Core\Category\CategoryRegistry: no category registered for table "tt_content". Key was already registered. 
Tue, 05 Nov 2019 07:33:00 +0100 [WARNING] request="a03fdc461302e" component="TYPO3.CMS.Core.Utility.ExtensionManagementUtility": TYPO3\CMS\Core\Category\CategoryRegistry: no category registered for table "pages". Key was already registered. 
Tue, 05 Nov 2019 07:33:00 +0100 [WARNING] request="a03fdc461302e" component="TYPO3.CMS.Core.Utility.ExtensionManagementUtility": TYPO3\CMS\Core\Category\CategoryRegistry: no category registered for table "sys_file_metadata". Key was already registered. 
Tue, 05 Nov 2019 07:33:00 +0100 [WARNING] request="a03fdc461302e" component="TYPO3.CMS.Core.Utility.ExtensionManagementUtility": TYPO3\CMS\Core\Category\CategoryRegistry: no category registered for table "tt_content". Key was already registered. 
Thu, 19 Dec 2019 07:38:28 +0100 [WARNING] request="be7ce64c2cb25" component="TYPO3.CMS.Core.Utility.ExtensionManagementUtility": TYPO3\CMS\Core\Category\CategoryRegistry: no category registered for table "pages". Key was already registered. 
Thu, 19 Dec 2019 07:38:28 +0100 [WARNING] request="be7ce64c2cb25" component="TYPO3.CMS.Core.Utility.ExtensionManagementUtility": TYPO3\CMS\Core\Category\CategoryRegistry: no category registered for table "sys_file_metadata". Key was already registered. 
Thu, 19 Dec 2019 07:38:28 +0100 [WARNING] request="be7ce64c2cb25" component="TYPO3.CMS.Core.Utility.ExtensionManagementUtility": TYPO3\CMS\Core\Category\CategoryRegistry: no category registered for table "tt_content". Key was already registered. 
Thu, 19 Dec 2019 07:38:33 +0100 [WARNING] request="df5636e52a469" component="TYPO3.CMS.Core.Utility.ExtensionManagementUtility": TYPO3\CMS\Core\Category\CategoryRegistry: no category registered for table "pages". Key was already registered. 
Thu, 19 Dec 2019 07:38:33 +0100 [WARNING] request="df5636e52a469" component="TYPO3.CMS.Core.Utility.ExtensionManagementUtility": TYPO3\CMS\Core\Category\CategoryRegistry: no category registered for table "sys_file_metadata". Key was already registered. 
Thu, 19 Dec 2019 07:38:33 +0100 [WARNING] request="df5636e52a469" component="TYPO3.CMS.Core.Utility.ExtensionManagementUtility": TYPO3\CMS\Core\Category\CategoryRegistry: no category registered for table "tt_content". Key was already registered. 
Tue, 25 Feb 2020 10:45:04 +0100 [WARNING] request="add20333d836f" component="TYPO3.CMS.Core.Utility.ExtensionManagementUtility": TYPO3\CMS\Core\Category\CategoryRegistry: no category registered for table "pages". Key was already registered. 
Tue, 25 Feb 2020 10:45:04 +0100 [WARNING] request="add20333d836f" component="TYPO3.CMS.Core.Utility.ExtensionManagementUtility": TYPO3\CMS\Core\Category\CategoryRegistry: no category registered for table "sys_file_metadata". Key was already registered. 
Tue, 25 Feb 2020 10:45:04 +0100 [WARNING] request="add20333d836f" component="TYPO3.CMS.Core.Utility.ExtensionManagementUtility": TYPO3\CMS\Core\Category\CategoryRegistry: no category registered for table "tt_content". Key was already registered. 
Tue, 25 Feb 2020 10:45:10 +0100 [WARNING] request="d18bacf5dfd2a" component="TYPO3.CMS.Core.Utility.ExtensionManagementUtility": TYPO3\CMS\Core\Category\CategoryRegistry: no category registered for table "pages". Key was already registered. 
Tue, 25 Feb 2020 10:45:10 +0100 [WARNING] request="d18bacf5dfd2a" component="TYPO3.CMS.Core.Utility.ExtensionManagementUtility": TYPO3\CMS\Core\Category\CategoryRegistry: no category registered for table "sys_file_metadata". Key was already registered. 
Tue, 25 Feb 2020 10:45:10 +0100 [WARNING] request="d18bacf5dfd2a" component="TYPO3.CMS.Core.Utility.ExtensionManagementUtility": TYPO3\CMS\Core\Category\CategoryRegistry: no category registered for table "tt_content". Key was already registered. 
Thu, 02 Apr 2020 07:07:17 +0200 [WARNING] request="0ebebef1b3595" component="TYPO3.CMS.Core.Utility.ExtensionManagementUtility": TYPO3\CMS\Core\Category\CategoryRegistry: no category registered for table "pages". Key was already registered. 
Thu, 02 Apr 2020 07:07:17 +0200 [WARNING] request="0ebebef1b3595" component="TYPO3.CMS.Core.Utility.ExtensionManagementUtility": TYPO3\CMS\Core\Category\CategoryRegistry: no category registered for table "sys_file_metadata". Key was already registered. 
Thu, 02 Apr 2020 07:07:17 +0200 [WARNING] request="0ebebef1b3595" component="TYPO3.CMS.Core.Utility.ExtensionManagementUtility": TYPO3\CMS\Core\Category\CategoryRegistry: no category registered for table "tt_content". Key was already registered. 
Thu, 02 Apr 2020 07:07:22 +0200 [WARNING] request="672a5534f6820" component="TYPO3.CMS.Core.Utility.ExtensionManagementUtility": TYPO3\CMS\Core\Category\CategoryRegistry: no category registered for table "pages". Key was already registered. 
Thu, 02 Apr 2020 07:07:22 +0200 [WARNING] request="672a5534f6820" component="TYPO3.CMS.Core.Utility.ExtensionManagementUtility": TYPO3\CMS\Core\Category\CategoryRegistry: no category registered for table "sys_file_metadata". Key was already registered. 
Thu, 02 Apr 2020 07:07:22 +0200 [WARNING] request="672a5534f6820" component="TYPO3.CMS.Core.Utility.ExtensionManagementUtility": TYPO3\CMS\Core\Category\CategoryRegistry: no category registered for table "tt_content". Key was already registered. 
Wed, 20 May 2020 14:00:57 +0200 [WARNING] request="532e760750006" component="TYPO3.CMS.Core.Utility.ExtensionManagementUtility": TYPO3\CMS\Core\Category\CategoryRegistry: no category registered for table "pages". Key was already registered. 
Wed, 20 May 2020 14:00:57 +0200 [WARNING] request="532e760750006" component="TYPO3.CMS.Core.Utility.ExtensionManagementUtility": TYPO3\CMS\Core\Category\CategoryRegistry: no category registered for table "sys_file_metadata". Key was already registered. 
Wed, 20 May 2020 14:00:57 +0200 [WARNING] request="532e760750006" component="TYPO3.CMS.Core.Utility.ExtensionManagementUtility": TYPO3\CMS\Core\Category\CategoryRegistry: no category registered for table "tt_content". Key was already registered. 
Wed, 20 May 2020 14:01:01 +0200 [WARNING] request="e60df041d807c" component="TYPO3.CMS.Core.Utility.ExtensionManagementUtility": TYPO3\CMS\Core\Category\CategoryRegistry: no category registered for table "pages". Key was already registered. 
Wed, 20 May 2020 14:01:01 +0200 [WARNING] request="e60df041d807c" component="TYPO3.CMS.Core.Utility.ExtensionManagementUtility": TYPO3\CMS\Core\Category\CategoryRegistry: no category registered for table "sys_file_metadata". Key was already registered. 
Wed, 20 May 2020 14:01:01 +0200 [WARNING] request="e60df041d807c" component="TYPO3.CMS.Core.Utility.ExtensionManagementUtility": TYPO3\CMS\Core\Category\CategoryRegistry: no category registered for table "tt_content". Key was already registered. 
Wed, 08 Jul 2020 15:18:43 +0200 [WARNING] request="74f8127de047c" component="TYPO3.CMS.Core.Utility.ExtensionManagementUtility": TYPO3\CMS\Core\Category\CategoryRegistry: no category registered for table "pages". Key was already registered. 
Wed, 08 Jul 2020 15:18:43 +0200 [WARNING] request="74f8127de047c" component="TYPO3.CMS.Core.Utility.ExtensionManagementUtility": TYPO3\CMS\Core\Category\CategoryRegistry: no category registered for table "sys_file_metadata". Key was already registered. 
Wed, 08 Jul 2020 15:18:43 +0200 [WARNING] request="74f8127de047c" component="TYPO3.CMS.Core.Utility.ExtensionManagementUtility": TYPO3\CMS\Core\Category\CategoryRegistry: no category registered for table "tt_content". Key was already registered. 
Wed, 08 Jul 2020 15:18:46 +0200 [WARNING] request="36ae7b9c34bbe" component="TYPO3.CMS.Core.Utility.ExtensionManagementUtility": TYPO3\CMS\Core\Category\CategoryRegistry: no category registered for table "pages". Key was already registered. 
Wed, 08 Jul 2020 15:18:46 +0200 [WARNING] request="36ae7b9c34bbe" component="TYPO3.CMS.Core.Utility.ExtensionManagementUtility": TYPO3\CMS\Core\Category\CategoryRegistry: no category registered for table "sys_file_metadata". Key was already registered. 
Wed, 08 Jul 2020 15:18:46 +0200 [WARNING] request="36ae7b9c34bbe" component="TYPO3.CMS.Core.Utility.ExtensionManagementUtility": TYPO3\CMS\Core\Category\CategoryRegistry: no category registered for table "tt_content". Key was already registered. 
Wed, 29 Jul 2020 12:07:51 +0200 [WARNING] request="c23696969538a" component="TYPO3.CMS.Core.Utility.ExtensionManagementUtility": TYPO3\CMS\Core\Category\CategoryRegistry: no category registered for table "pages". Key was already registered. 
Wed, 29 Jul 2020 12:07:51 +0200 [WARNING] request="c23696969538a" component="TYPO3.CMS.Core.Utility.ExtensionManagementUtility": TYPO3\CMS\Core\Category\CategoryRegistry: no category registered for table "sys_file_metadata". Key was already registered. 
Wed, 29 Jul 2020 12:07:51 +0200 [WARNING] request="c23696969538a" component="TYPO3.CMS.Core.Utility.ExtensionManagementUtility": TYPO3\CMS\Core\Category\CategoryRegistry: no category registered for table "tt_content". Key was already registered. 
Wed, 29 Jul 2020 12:07:54 +0200 [WARNING] request="cb296402031ae" component="TYPO3.CMS.Core.Utility.ExtensionManagementUtility": TYPO3\CMS\Core\Category\CategoryRegistry: no category registered for table "pages". Key was already registered. 
Wed, 29 Jul 2020 12:07:54 +0200 [WARNING] request="cb296402031ae" component="TYPO3.CMS.Core.Utility.ExtensionManagementUtility": TYPO3\CMS\Core\Category\CategoryRegistry: no category registered for table "sys_file_metadata". Key was already registered. 
Wed, 29 Jul 2020 12:07:54 +0200 [WARNING] request="cb296402031ae" component="TYPO3.CMS.Core.Utility.ExtensionManagementUtility": TYPO3\CMS\Core\Category\CategoryRegistry: no category registered for table "tt_content". Key was already registered. 
Tue, 08 Sep 2020 14:36:17 +0200 [WARNING] request="e7d1f99b98210" component="TYPO3.CMS.Core.Utility.ExtensionManagementUtility": TYPO3\CMS\Core\Category\CategoryRegistry: no category registered for table "pages". Key was already registered. 
Tue, 08 Sep 2020 14:36:17 +0200 [WARNING] request="e7d1f99b98210" component="TYPO3.CMS.Core.Utility.ExtensionManagementUtility": TYPO3\CMS\Core\Category\CategoryRegistry: no category registered for table "sys_file_metadata". Key was already registered. 
Tue, 08 Sep 2020 14:36:17 +0200 [WARNING] request="e7d1f99b98210" component="TYPO3.CMS.Core.Utility.ExtensionManagementUtility": TYPO3\CMS\Core\Category\CategoryRegistry: no category registered for table "tt_content". Key was already registered. 
Tue, 08 Sep 2020 14:36:20 +0200 [WARNING] request="639d9282f5872" component="TYPO3.CMS.Core.Utility.ExtensionManagementUtility": TYPO3\CMS\Core\Category\CategoryRegistry: no category registered for table "pages". Key was already registered. 
Tue, 08 Sep 2020 14:36:20 +0200 [WARNING] request="639d9282f5872" component="TYPO3.CMS.Core.Utility.ExtensionManagementUtility": TYPO3\CMS\Core\Category\CategoryRegistry: no category registered for table "sys_file_metadata". Key was already registered. 
Tue, 08 Sep 2020 14:36:20 +0200 [WARNING] request="639d9282f5872" component="TYPO3.CMS.Core.Utility.ExtensionManagementUtility": TYPO3\CMS\Core\Category\CategoryRegistry: no category registered for table "tt_content". Key was already registered. 
Tue, 22 Sep 2020 08:04:17 +0200 [WARNING] request="27e558d58ecbf" component="TYPO3.CMS.Core.Utility.ExtensionManagementUtility": TYPO3\CMS\Core\Category\CategoryRegistry: no category registered for table "pages". Key was already registered. 
Tue, 22 Sep 2020 08:04:17 +0200 [WARNING] request="27e558d58ecbf" component="TYPO3.CMS.Core.Utility.ExtensionManagementUtility": TYPO3\CMS\Core\Category\CategoryRegistry: no category registered for table "sys_file_metadata". Key was already registered. 
Tue, 22 Sep 2020 08:04:17 +0200 [WARNING] request="27e558d58ecbf" component="TYPO3.CMS.Core.Utility.ExtensionManagementUtility": TYPO3\CMS\Core\Category\CategoryRegistry: no category registered for table "tt_content". Key was already registered. 
Tue, 22 Sep 2020 08:04:39 +0200 [WARNING] request="ecac18c43f1c1" component="TYPO3.CMS.Core.Utility.ExtensionManagementUtility": TYPO3\CMS\Core\Category\CategoryRegistry: no category registered for table "pages". Key was already registered. 
Tue, 22 Sep 2020 08:04:39 +0200 [WARNING] request="ecac18c43f1c1" component="TYPO3.CMS.Core.Utility.ExtensionManagementUtility": TYPO3\CMS\Core\Category\CategoryRegistry: no category registered for table "sys_file_metadata". Key was already registered. 
Tue, 22 Sep 2020 08:04:39 +0200 [WARNING] request="ecac18c43f1c1" component="TYPO3.CMS.Core.Utility.ExtensionManagementUtility": TYPO3\CMS\Core\Category\CategoryRegistry: no category registered for table "tt_content". Key was already registered. 
Tue, 22 Sep 2020 08:05:05 +0200 [WARNING] request="aa6c52d35d816" component="TYPO3.CMS.Core.Utility.ExtensionManagementUtility": TYPO3\CMS\Core\Category\CategoryRegistry: no category registered for table "pages". Key was already registered. 
Tue, 22 Sep 2020 08:05:05 +0200 [WARNING] request="aa6c52d35d816" component="TYPO3.CMS.Core.Utility.ExtensionManagementUtility": TYPO3\CMS\Core\Category\CategoryRegistry: no category registered for table "sys_file_metadata". Key was already registered. 
Tue, 22 Sep 2020 08:05:05 +0200 [WARNING] request="aa6c52d35d816" component="TYPO3.CMS.Core.Utility.ExtensionManagementUtility": TYPO3\CMS\Core\Category\CategoryRegistry: no category registered for table "tt_content". Key was already registered. 
Tue, 22 Sep 2020 08:05:33 +0200 [WARNING] request="58459a4685da2" component="TYPO3.CMS.Core.Utility.ExtensionManagementUtility": TYPO3\CMS\Core\Category\CategoryRegistry: no category registered for table "pages". Key was already registered. 
Tue, 22 Sep 2020 08:05:33 +0200 [WARNING] request="58459a4685da2" component="TYPO3.CMS.Core.Utility.ExtensionManagementUtility": TYPO3\CMS\Core\Category\CategoryRegistry: no category registered for table "sys_file_metadata". Key was already registered. 
Tue, 22 Sep 2020 08:05:33 +0200 [WARNING] request="58459a4685da2" component="TYPO3.CMS.Core.Utility.ExtensionManagementUtility": TYPO3\CMS\Core\Category\CategoryRegistry: no category registered for table "tt_content". Key was already registered. 
